<?xml version="1.0" encoding="UTF-8"?>
<testng-results ignored="0" total="7" passed="7" failed="0" skipped="0">
  <reporter-output>
  </reporter-output>
  <suite started-at="2023-10-10T15:58:55 IST" name="Suite" finished-at="2023-10-10T15:59:14 IST" duration-ms="18896">
    <groups>
    </groups>
    <test started-at="2023-10-10T15:58:55 IST" name="Test" finished-at="2023-10-10T15:59:14 IST" duration-ms="18896">
      <class name="com.qa.testscripts.FlipkartTestSuite">
        <test-method is-config="true" signature="initializeDriver()[pri:0, instance:com.qa.testscripts.FlipkartTestSuite@17f9d882]" started-at="2023-10-10T15:58:48 IST" name="initializeDriver" finished-at="2023-10-10T15:58:55 IST" duration-ms="7736" status="PASS">
          <reporter-output>
          </reporter-output>
        </test-method> <!-- initializeDriver -->
        <test-method signature="loginPopupClose()[pri:1, instance:com.qa.testscripts.FlipkartTestSuite@17f9d882]" started-at="2023-10-10T15:58:55 IST" name="loginPopupClose" finished-at="2023-10-10T15:58:55 IST" duration-ms="149" status="PASS">
          <reporter-output>
          </reporter-output>
        </test-method> <!-- loginPopupClose -->
        <test-method signature="productSearch()[pri:2, instance:com.qa.testscripts.FlipkartTestSuite@17f9d882]" started-at="2023-10-10T15:58:56 IST" name="productSearch" finished-at="2023-10-10T15:59:01 IST" duration-ms="5719" status="PASS">
          <reporter-output>
          </reporter-output>
        </test-method> <!-- productSearch -->
        <test-method signature="firstNameLabelTest()[pri:3, instance:com.qa.testscripts.FlipkartTestSuite@17f9d882]" started-at="2023-10-10T15:59:01 IST" name="firstNameLabelTest" finished-at="2023-10-10T15:59:01 IST" duration-ms="173" status="PASS">
          <reporter-output>
          </reporter-output>
        </test-method> <!-- firstNameLabelTest -->
        <test-method signature="swithToProductTab()[pri:4, instance:com.qa.testscripts.FlipkartTestSuite@17f9d882]" started-at="2023-10-10T15:59:01 IST" name="swithToProductTab" finished-at="2023-10-10T15:59:01 IST" duration-ms="42" status="PASS">
          <reporter-output>
          </reporter-output>
        </test-method> <!-- swithToProductTab -->
        <test-method signature="addToShoppingCartTest()[pri:5, instance:com.qa.testscripts.FlipkartTestSuite@17f9d882]" started-at="2023-10-10T15:59:01 IST" name="addToShoppingCartTest" finished-at="2023-10-10T15:59:05 IST" duration-ms="3577" status="PASS">
          <reporter-output>
          </reporter-output>
        </test-method> <!-- addToShoppingCartTest -->
        <test-method signature="shoppingCartButtonTest()[pri:6, instance:com.qa.testscripts.FlipkartTestSuite@17f9d882]" started-at="2023-10-10T15:59:05 IST" name="shoppingCartButtonTest" finished-at="2023-10-10T15:59:12 IST" duration-ms="6605" status="PASS">
          <reporter-output>
          </reporter-output>
        </test-method> <!-- shoppingCartButtonTest -->
        <test-method signature="shoppingCartAddedTest()[pri:7, instance:com.qa.testscripts.FlipkartTestSuite@17f9d882]" started-at="2023-10-10T15:59:12 IST" name="shoppingCartAddedTest" finished-at="2023-10-10T15:59:14 IST" duration-ms="2574" status="PASS">
          <reporter-output>
          </reporter-output>
        </test-method> <!-- shoppingCartAddedTest -->
        <test-method is-config="true" signature="closeDriver()[pri:0, instance:com.qa.testscripts.FlipkartTestSuite@17f9d882]" started-at="2023-10-10T15:59:14 IST" name="closeDriver" finished-at="2023-10-10T15:59:15 IST" duration-ms="827" status="PASS">
          <reporter-output>
          </reporter-output>
        </test-method> <!-- closeDriver -->
      </class> <!-- com.qa.testscripts.FlipkartTestSuite -->
    </test> <!-- Test -->
  </suite> <!-- Suite -->
</testng-results>
