<?xml version="1.0" encoding="UTF-8"?>
<testsuite xmlns:xsi="http://www.w3.org/2001/XMLSchema-instance" xsi:noNamespaceSchemaLocation="https://maven.apache.org/surefire/maven-surefire-plugin/xsd/surefire-test-report.xsd" name="TestSuite" time="11.162" tests="2" errors="0" skipped="0" failures="0">
  <properties>
[...]
</properties>
  <testcase name="assignmentThree" classname="TestAutomation.W3schools.Demo.TestAutomation.W3schools.Demo.AssignmentThree" time="6.116"/>
  <testcase name="assignmentThree" classname="TestAutomation.W3schools.Demo.TestAutomation.W3schools.Demo.AssignmentFour" time="10.495"/>
</testsuite>