<?xml version="1.0" encoding="UTF-8"?>
<testng-results ignored="0" total="2" passed="2" failed="0" skipped="0">
  <reporter-output>
  </reporter-output>
  <suite started-at="2023-09-14T07:31:38 IST" name="Suite" finished-at="2023-09-14T07:31:48 IST" duration-ms="10572">
    <groups>
    </groups>
    <test started-at="2023-09-14T07:31:38 IST" name="Test" finished-at="2023-09-14T07:31:48 IST" duration-ms="10572">
      <class name="TestAutomation.W3schools.Demo.TestAutomation.W3schools.Demo.AssignmentThree">
        <test-method signature="assignmentThree()[pri:0, instance:TestAutomation.W3schools.Demo.TestAutomation.W3schools.Demo.AssignmentThree@67c33749]" started-at="2023-09-14T07:31:38 IST" name="assignmentThree" finished-at="2023-09-14T07:31:44 IST" duration-ms="6119" status="PASS">
          <reporter-output>
          </reporter-output>
        </test-method> <!-- assignmentThree -->
      </class> <!-- TestAutomation.W3schools.Demo.TestAutomation.W3schools.Demo.AssignmentThree -->
      <class name="TestAutomation.W3schools.Demo.TestAutomation.W3schools.Demo.AssignmentFour">
        <test-method signature="assignmentThree()[pri:0, instance:TestAutomation.W3schools.Demo.TestAutomation.W3schools.Demo.AssignmentFour@5562c41e]" started-at="2023-09-14T07:31:38 IST" name="assignmentThree" finished-at="2023-09-14T07:31:48 IST" duration-ms="10501" status="PASS">
          <reporter-output>
          </reporter-output>
        </test-method> <!-- assignmentThree -->
      </class> <!-- TestAutomation.W3schools.Demo.TestAutomation.W3schools.Demo.AssignmentFour -->
    </test> <!-- Test -->
  </suite> <!-- Suite -->
</testng-results>
