<?xml version="1.0" encoding="UTF-8"?>
<testng-results ignored="0" total="7" passed="7" failed="0" skipped="0">
  <reporter-output>
  </reporter-output>
  <suite started-at="2023-10-10T16:01:23 IST" name="Suite" finished-at="2023-10-10T16:01:40 IST" duration-ms="17204">
    <groups>
    </groups>
    <test started-at="2023-10-10T16:01:23 IST" name="Test" finished-at="2023-10-10T16:01:40 IST" duration-ms="17204">
      <class name="com.qa.testscripts.FlipkartTestSuite">
        <test-method is-config="true" signature="initializeDriver()[pri:0, instance:com.qa.testscripts.FlipkartTestSuite@18d87d80]" started-at="2023-10-10T16:01:15 IST" name="initializeDriver" finished-at="2023-10-10T16:01:23 IST" duration-ms="7236" status="PASS">
          <reporter-output>
          </reporter-output>
        </test-method> <!-- initializeDriver -->
        <test-method signature="loginPopupClose()[pri:1, instance:com.qa.testscripts.FlipkartTestSuite@18d87d80]" started-at="2023-10-10T16:01:23 IST" name="loginPopupClose" finished-at="2023-10-10T16:01:23 IST" duration-ms="130" status="PASS">
          <reporter-output>
          </reporter-output>
        </test-method> <!-- loginPopupClose -->
        <test-method signature="productSearch()[pri:2, instance:com.qa.testscripts.FlipkartTestSuite@18d87d80]" started-at="2023-10-10T16:01:23 IST" name="productSearch" finished-at="2023-10-10T16:01:26 IST" duration-ms="3699" status="PASS">
          <reporter-output>
          </reporter-output>
        </test-method> <!-- productSearch -->
        <test-method signature="firstNameLabelTest()[pri:3, instance:com.qa.testscripts.FlipkartTestSuite@18d87d80]" started-at="2023-10-10T16:01:26 IST" name="firstNameLabelTest" finished-at="2023-10-10T16:01:27 IST" duration-ms="137" status="PASS">
          <reporter-output>
          </reporter-output>
        </test-method> <!-- firstNameLabelTest -->
        <test-method signature="swithToProductTab()[pri:4, instance:com.qa.testscripts.FlipkartTestSuite@18d87d80]" started-at="2023-10-10T16:01:27 IST" name="swithToProductTab" finished-at="2023-10-10T16:01:27 IST" duration-ms="25" status="PASS">
          <reporter-output>
          </reporter-output>
        </test-method> <!-- swithToProductTab -->
        <test-method signature="addToShoppingCartTest()[pri:5, instance:com.qa.testscripts.FlipkartTestSuite@18d87d80]" started-at="2023-10-10T16:01:27 IST" name="addToShoppingCartTest" finished-at="2023-10-10T16:01:31 IST" duration-ms="4642" status="PASS">
          <reporter-output>
          </reporter-output>
        </test-method> <!-- addToShoppingCartTest -->
        <test-method signature="shoppingCartButtonTest()[pri:6, instance:com.qa.testscripts.FlipkartTestSuite@18d87d80]" started-at="2023-10-10T16:01:31 IST" name="shoppingCartButtonTest" finished-at="2023-10-10T16:01:39 IST" duration-ms="7442" status="PASS">
          <reporter-output>
          </reporter-output>
        </test-method> <!-- shoppingCartButtonTest -->
        <test-method signature="shoppingCartAddedTest()[pri:7, instance:com.qa.testscripts.FlipkartTestSuite@18d87d80]" started-at="2023-10-10T16:01:39 IST" name="shoppingCartAddedTest" finished-at="2023-10-10T16:01:40 IST" duration-ms="1084" status="PASS">
          <reporter-output>
          </reporter-output>
        </test-method> <!-- shoppingCartAddedTest -->
        <test-method is-config="true" signature="closeDriver()[pri:0, instance:com.qa.testscripts.FlipkartTestSuite@18d87d80]" started-at="2023-10-10T16:01:40 IST" name="closeDriver" finished-at="2023-10-10T16:01:41 IST" duration-ms="812" status="PASS">
          <reporter-output>
          </reporter-output>
        </test-method> <!-- closeDriver -->
      </class> <!-- com.qa.testscripts.FlipkartTestSuite -->
    </test> <!-- Test -->
  </suite> <!-- Suite -->
</testng-results>
