<?xml version="1.0" encoding="UTF-8"?>
<!-- Generated by org.testng.reporters.JUnitXMLReporter -->
<testsuite ignored="0" hostname="f6a24f94247a530" failures="0" tests="2" name="Test" time="10.572" errors="0" timestamp="2023-09-14T07:31:48 IST">
  <testcase classname="TestAutomation.W3schools.Demo.TestAutomation.W3schools.Demo.AssignmentThree" name="assignmentThree" time="6.119"/>
  <testcase classname="TestAutomation.W3schools.Demo.TestAutomation.W3schools.Demo.AssignmentFour" name="assignmentThree" time="10.501"/>
</testsuite> <!-- Test -->
