<?xml version="1.0" encoding="UTF-8"?>
<!-- Generated by org.testng.reporters.JUnitXMLReporter -->
<testsuite ignored="0" hostname="f6a24f94247a530" failures="0" tests="7" name="Test" time="17.204" errors="0" timestamp="2023-10-10T16:01:40 IST">
  <testcase classname="com.qa.testscripts.FlipkartTestSuite" name="loginPopupClose" time="0.13"/>
  <testcase classname="com.qa.testscripts.FlipkartTestSuite" name="productSearch" time="3.699"/>
  <testcase classname="com.qa.testscripts.FlipkartTestSuite" name="firstNameLabelTest" time="0.137"/>
  <testcase classname="com.qa.testscripts.FlipkartTestSuite" name="swithToProductTab" time="0.025"/>
  <testcase classname="com.qa.testscripts.FlipkartTestSuite" name="addToShoppingCartTest" time="4.642"/>
  <testcase classname="com.qa.testscripts.FlipkartTestSuite" name="shoppingCartButtonTest" time="7.442"/>
  <testcase classname="com.qa.testscripts.FlipkartTestSuite" name="shoppingCartAddedTest" time="1.084"/>
</testsuite> <!-- Test -->
