<?xml version="1.0" encoding="UTF-8"?>
<!-- Generated by org.testng.reporters.JUnitXMLReporter -->
<testsuite ignored="0" hostname="f6a24f94247a530" failures="0" tests="7" name="Test" time="18.896" errors="0" timestamp="2023-10-10T15:59:14 IST">
  <testcase classname="com.qa.testscripts.FlipkartTestSuite" name="loginPopupClose" time="0.149"/>
  <testcase classname="com.qa.testscripts.FlipkartTestSuite" name="productSearch" time="5.719"/>
  <testcase classname="com.qa.testscripts.FlipkartTestSuite" name="firstNameLabelTest" time="0.173"/>
  <testcase classname="com.qa.testscripts.FlipkartTestSuite" name="swithToProductTab" time="0.042"/>
  <testcase classname="com.qa.testscripts.FlipkartTestSuite" name="addToShoppingCartTest" time="3.577"/>
  <testcase classname="com.qa.testscripts.FlipkartTestSuite" name="shoppingCartButtonTest" time="6.605"/>
  <testcase classname="com.qa.testscripts.FlipkartTestSuite" name="shoppingCartAddedTest" time="2.574"/>
</testsuite> <!-- Test -->
