<?xml version="1.0" encoding="UTF-8"?>
<testng-results ignored="0" total="1" passed="1" failed="0" skipped="0">
  <reporter-output>
  </reporter-output>
  <suite started-at="2023-09-14T06:33:51 IST" name="Suite" finished-at="2023-09-14T06:33:54 IST" duration-ms="3660">
    <groups>
    </groups>
    <test started-at="2023-09-14T06:33:51 IST" name="Test" finished-at="2023-09-14T06:33:54 IST" duration-ms="3660">
      <class name="TestAutomation.W3schools.Demo.TestAutomation.W3schools.Demo.AssignmentThree">
        <test-method signature="assignmentThree()[pri:0, instance:TestAutomation.W3schools.Demo.TestAutomation.W3schools.Demo.AssignmentThree@27406a17]" started-at="2023-09-14T06:33:51 IST" name="assignmentThree" finished-at="2023-09-14T06:33:54 IST" duration-ms="3608" status="PASS">
          <reporter-output>
          </reporter-output>
        </test-method> <!-- assignmentThree -->
      </class> <!-- TestAutomation.W3schools.Demo.TestAutomation.W3schools.Demo.AssignmentThree -->
    </test> <!-- Test -->
  </suite> <!-- Suite -->
</testng-results>
